Flutter crash report.
Please report a bug at https://github.com/flutter/flutter/issues.

## command

flutter run -d RR8N6088DQP

## exception

RPCError: _deleteDevFS: (1002) File system does not exist
_deleteDevFS: file system 'human_nature_admin' does not exist

```
#0      new _OutstandingRequest (package:vm_service/src/vm_service.dart:268:34)
#1      VmService._call.<anonymous closure> (package:vm_service/src/vm_service.dart:1950:25)
#2      VmService._call (package:vm_service/src/vm_service.dart:1962:8)
#3      VmService.callServiceExtension (package:vm_service/src/vm_service.dart:1901:14)
#4      FlutterVmService._checkedCallServiceExtension (package:flutter_tools/src/vmservice.dart:771:28)
#5      FlutterVmService.deleteDevFS (package:flutter_tools/src/vmservice.dart:938:11)
#6      DevFS.destroy (package:flutter_tools/src/devfs.dart:545:22)
#7      DevFS.create (package:flutter_tools/src/devfs.dart:535:13)
<asynchronous suspension>
#8      HotRunner._initDevFS (package:flutter_tools/src/run_hot.dart:488:9)
<asynchronous suspension>
#9      HotRunner._attach (package:flutter_tools/src/run_hot.dart:286:35)
<asynchronous suspension>
#10     RunCommand.runCommand (package:flutter_tools/src/commands/run.dart:904:26)
<asynchronous suspension>
#11     FlutterCommand.run.<anonymous closure> (package:flutter_tools/src/runner/flutter_command.dart:1590:27)
<asynchronous suspension>
#12     AppContext.run.<anonymous closure> (package:flutter_tools/src/base/context.dart:154:19)
<asynchronous suspension>
#13     CommandRunner.runCommand (package:args/command_runner.dart:212:13)
<asynchronous suspension>
#14     FlutterCommandRunner.runCommand.<anonymous closure> (package:flutter_tools/src/runner/flutter_command_runner.dart:496:9)
<asynchronous suspension>
#15     AppContext.run.<anonymous closure> (package:flutter_tools/src/base/context.dart:154:19)
<asynchronous suspension>
#16     FlutterCommandRunner.runCommand (package:flutter_tools/src/runner/flutter_command_runner.dart:431:5)
<asynchronous suspension>
#17     FlutterCommandRunner.run.<anonymous closure> (package:flutter_tools/src/runner/flutter_command_runner.dart:307:33)
<asynchronous suspension>
#18     run.<anonymous closure>.<anonymous closure> (package:flutter_tools/runner.dart:104:11)
<asynchronous suspension>
#19     AppContext.run.<anonymous closure> (package:flutter_tools/src/base/context.dart:154:19)
<asynchronous suspension>
#20     main (package:flutter_tools/executable.dart:103:3)
<asynchronous suspension>
```

## flutter doctor

```
[✓] Flutter (Channel stable, 3.41.2, on Microsoft Windows [Version 10.0.26200.8246], locale ar-SA) [273ms]
    • Flutter version 3.41.2 on channel stable at C:\SDK\flutter
    • Upstream repository https://github.com/flutter/flutter.git
    • Framework revision 90673a4eef (9 weeks ago), 2026-02-18 13:54:59 -0800
    • Engine revision 6c0baaebf7
    • Dart version 3.11.0
    • DevTools version 2.54.1
    • Feature flags: enable-web, enable-linux-desktop, enable-macos-desktop, enable-windows-desktop, enable-android, enable-ios, cli-animations, enable-native-assets, omit-legacy-version-file, enable-lldb-debugging, enable-uiscene-migration

[✓] Windows Version (Windows 11 or higher, 25H2, 2009) [829ms]

[!] Android toolchain - develop for Android devices (Android SDK version 36.1.0) [1,882ms]
    • Android SDK at C:\Users\KDLO-X0X\AppData\Local\Android\Sdk
    • Emulator version 36.5.10.0 (build_id 15081367) (CL:N/A)
    ✗ cmdline-tools component is missing.
      Try installing or updating Android Studio.
      Alternatively, download the tools from https://developer.android.com/studio#command-line-tools-only and make sure to set the ANDROID_HOME environment variable.
      See https://developer.android.com/studio/command-line for more details.
    ✗ Android license status unknown.
      Run `flutter doctor --android-licenses` to accept the SDK licenses.
      See https://flutter.dev/to/windows-android-setup for more details.

[✓] Chrome - develop for the web [8ms]
    • Chrome at C:\Program Files\Google\Chrome\Application\chrome.exe

[✗] Visual Studio - develop Windows apps [8ms]
    ✗ Visual Studio not installed; this is necessary to develop Windows apps.
      Download at https://visualstudio.microsoft.com/downloads/.
      Please install the "Desktop development with C++" workload, including all of its default components

[✓] Connected device (4 available) [312ms]
    • SM A515F (mobile) • RR8N6088DQP • android-arm64  • Android 12 (API 31)
    • Windows (desktop) • windows     • windows-x64    • Microsoft Windows [Version 10.0.26200.8246]
    • Chrome (web)      • chrome      • web-javascript • Google Chrome 147.0.7727.102
    • Edge (web)        • edge        • web-javascript • Microsoft Edge 146.0.3856.62 (unsupported)

[✓] Network resources [728ms]
    • All expected network resources are available.

! Doctor found issues in 2 categories.
```
